=================================================================
Thu Jul 26 16:11:47 2018
HYPERPARAMETERS:
model =ResNet50
learning-rate =0.001
nb_epoches =10
batch-size =32
nb-layer-to-freeze =10
Training Summary:
train acc    va_acc  train_loss  val_loss
 1.257679  0.458333    0.509317  0.458333
 0.570601  0.525000    0.792443  0.525000
 0.406814  0.545833    0.846273  0.545833
 0.378246  0.575000    0.865942  0.575000
 0.309347  0.422917    0.883540  0.422917
 0.257363  0.612500    0.904762  0.612500
 0.221875  0.558333    0.928054  0.558333
 0.210617  0.552083    0.925466  0.552083
 0.211458  0.518750    0.925983  0.518750
 0.206505  0.516667    0.932712  0.516667
Remarks: Highly overfitting

=================================================================
Train start time: Fri Jul 27 09:56:51 2018
HYPERPARAMETERS:
model =ResNet50
learning-rate =0.001
nb_epoches =10
batch-size =32
nb-layer-to-freeze =10

Training Summary:
train loss   va_loss  train_acc   val_acc
  1.248040  0.370833   0.530021  0.370833
  0.600895  0.502083   0.787267  0.502083
  0.439850  0.595833   0.844720  0.595833
  0.375053  0.506250   0.874224  0.506250
  0.293794  0.556250   0.898033  0.556250
  0.280474  0.566667   0.901656  0.566667
  0.202821  0.583333   0.935300  0.583333
  0.211484  0.570833   0.927536  0.570833
  0.187326  0.672917   0.935818  0.672917
  0.179955  0.629167   0.942029  0.629167
Remarks: Still overfitting 

=================================================================
Train start time: Fri Jul 27 10:52:46 2018

=================================================================
Train start time: Fri Jul 27 10:53:04 2018

=================================================================
Train start time: Fri Jul 27 10:53:23 2018
HYPERPARAMETERS:
model =ResNet50
learning-rate =0.001
nb_epoches =10
batch-size =32
nb-layer-to-freeze =5

Training Summary:
train loss   va_loss  train_acc   val_acc
  1.412485  0.450000   0.465321  0.450000
  0.864079  0.452083   0.673913  0.452083
  0.666702  0.462500   0.752070  0.462500
  0.528751  0.481250   0.804865  0.481250
  0.517384  0.512500   0.811077  0.512500
  0.451599  0.487500   0.837474  0.487500
  0.433883  0.572917   0.847308  0.572917
  0.361741  0.529167   0.856625  0.529167
  0.383447  0.550000   0.855590  0.550000
  0.324402  0.581250   0.889234  0.581250
Train finish time: Fri Jul 27 11:38:30 2018
