2018-07-30 12:33:24,519:INFO: Creating the datasets...
2018-07-30 12:33:24,597:INFO: Creating the model...
2018-07-30 12:34:34,469:INFO: Creating the datasets...
2018-07-30 12:34:34,549:INFO: Creating the model...
2018-07-30 12:34:35,533:INFO: Starting training for 10 epoch(s)
2018-07-30 12:34:42,033:INFO: Creating the datasets...
2018-07-30 12:34:42,111:INFO: Creating the model...
2018-07-30 12:34:43,094:INFO: Starting training for 10 epoch(s)
2018-07-30 12:34:43,867:INFO: Epoch 1/10
2018-07-30 12:37:36,867:INFO: Creating the datasets...
2018-07-30 12:37:36,946:INFO: Creating the model...
2018-07-30 12:37:37,999:INFO: Starting training for 10 epoch(s)
2018-07-30 12:37:38,905:INFO: Epoch 1/10
2018-07-30 14:01:01,581:INFO: Creating the datasets...
2018-07-30 14:01:01,659:INFO: Creating the model...
2018-07-30 14:02:10,343:INFO: Creating the datasets...
2018-07-30 14:02:10,422:INFO: Creating the model...
2018-07-30 14:03:21,583:INFO: Creating the datasets...
2018-07-30 14:03:21,661:INFO: Creating the model...
2018-07-30 14:06:20,339:INFO: Creating the datasets...
2018-07-30 14:06:20,417:INFO: Creating the model...
2018-07-30 14:07:04,773:INFO: Creating the datasets...
2018-07-30 14:07:04,852:INFO: Creating the model...
2018-07-30 14:08:38,725:INFO: Creating the datasets...
2018-07-30 14:08:38,805:INFO: Creating the model...
2018-07-30 14:21:56,624:INFO: Creating the datasets...
2018-07-30 14:21:56,705:INFO: Creating the model...
2018-07-30 14:22:17,209:INFO: Creating the datasets...
2018-07-30 14:22:17,290:INFO: Creating the model...
2018-07-30 14:22:22,459:INFO: Creating the datasets...
2018-07-30 14:22:22,540:INFO: Creating the model...
2018-07-30 14:22:54,685:INFO: Creating the datasets...
2018-07-30 14:22:54,763:INFO: Creating the model...
2018-07-30 14:22:55,814:INFO: Starting training for 10 epoch(s)
2018-07-30 14:22:56,703:INFO: Epoch 1/10
2018-07-30 14:23:37,508:INFO: - Train metrics: accuracy: 0.404 ; loss: 1.633
2018-07-30 14:23:38,806:INFO: - Eval metrics: accuracy: 0.510 ; loss: 1.255
2018-07-30 14:23:38,963:INFO: - Found new best accuracy, saving in experiments/more_features/best_weights/after-epoch-1
2018-07-30 14:23:38,964:INFO: Epoch 2/10
2018-07-30 14:24:15,876:INFO: - Train metrics: accuracy: 0.564 ; loss: 1.142
2018-07-30 14:24:17,028:INFO: - Eval metrics: accuracy: 0.390 ; loss: 1.761
2018-07-30 14:24:17,029:INFO: Epoch 3/10
2018-07-30 14:24:53,589:INFO: - Train metrics: accuracy: 0.637 ; loss: 0.948
2018-07-30 14:24:54,727:INFO: - Eval metrics: accuracy: 0.378 ; loss: 1.857
2018-07-30 14:24:54,727:INFO: Epoch 4/10
2018-07-30 14:25:31,404:INFO: - Train metrics: accuracy: 0.724 ; loss: 0.789
2018-07-30 14:25:32,521:INFO: - Eval metrics: accuracy: 0.402 ; loss: 1.627
2018-07-30 14:25:32,523:INFO: Epoch 5/10
2018-07-30 14:26:09,166:INFO: - Train metrics: accuracy: 0.754 ; loss: 0.658
2018-07-30 14:26:10,288:INFO: - Eval metrics: accuracy: 0.357 ; loss: 2.204
2018-07-30 14:26:10,289:INFO: Epoch 6/10
2018-07-30 14:26:47,051:INFO: - Train metrics: accuracy: 0.798 ; loss: 0.579
2018-07-30 14:26:48,182:INFO: - Eval metrics: accuracy: 0.485 ; loss: 1.396
2018-07-30 14:26:48,183:INFO: Epoch 7/10
2018-07-30 14:27:25,029:INFO: - Train metrics: accuracy: 0.860 ; loss: 0.426
2018-07-30 14:27:26,163:INFO: - Eval metrics: accuracy: 0.651 ; loss: 0.920
2018-07-30 14:27:26,275:INFO: - Found new best accuracy, saving in experiments/more_features/best_weights/after-epoch-7
2018-07-30 14:27:26,280:INFO: Epoch 8/10
2018-07-30 14:28:03,194:INFO: - Train metrics: accuracy: 0.884 ; loss: 0.387
2018-07-30 14:28:04,321:INFO: - Eval metrics: accuracy: 0.705 ; loss: 0.839
2018-07-30 14:28:04,441:INFO: - Found new best accuracy, saving in experiments/more_features/best_weights/after-epoch-8
2018-07-30 14:28:04,445:INFO: Epoch 9/10
2018-07-30 14:28:41,039:INFO: - Train metrics: accuracy: 0.910 ; loss: 0.286
2018-07-30 14:28:42,160:INFO: - Eval metrics: accuracy: 0.556 ; loss: 1.259
2018-07-30 14:28:42,161:INFO: Epoch 10/10
2018-07-30 14:29:18,858:INFO: - Train metrics: accuracy: 0.927 ; loss: 0.246
2018-07-30 14:29:19,983:INFO: - Eval metrics: accuracy: 0.718 ; loss: 0.761
2018-07-30 14:29:20,095:INFO: - Found new best accuracy, saving in experiments/more_features/best_weights/after-epoch-10
