2018-07-30 16:52:23,797:INFO: Creating the datasets...
2018-07-30 16:52:23,876:INFO: Creating the model...
2018-07-30 16:55:50,356:INFO: Creating the datasets...
2018-07-30 16:55:50,436:INFO: Creating the model...
2018-07-30 16:55:52,940:INFO: Starting training for 10 epoch(s)
2018-07-30 16:55:53,910:INFO: Epoch 1/10
2018-07-30 16:56:35,209:INFO: - Train metrics: accuracy: 0.412 ; loss: 1.520
2018-07-30 16:56:36,515:INFO: - Eval metrics: accuracy: 0.199 ; loss: 2.357
2018-07-30 16:56:36,684:INFO: - Found new best accuracy, saving in experiments/regularization/L2/more_features/best_weights/after-epoch-1
2018-07-30 16:56:36,689:INFO: Epoch 2/10
2018-07-30 16:57:16,783:INFO: - Train metrics: accuracy: 0.561 ; loss: 1.104
2018-07-30 16:57:17,970:INFO: - Eval metrics: accuracy: 0.423 ; loss: 1.420
2018-07-30 16:57:18,104:INFO: - Found new best accuracy, saving in experiments/regularization/L2/more_features/best_weights/after-epoch-2
2018-07-30 16:57:18,109:INFO: Epoch 3/10
2018-07-30 16:57:55,336:INFO: - Train metrics: accuracy: 0.660 ; loss: 0.895
2018-07-30 16:57:56,453:INFO: - Eval metrics: accuracy: 0.556 ; loss: 1.207
2018-07-30 16:57:56,584:INFO: - Found new best accuracy, saving in experiments/regularization/L2/more_features/best_weights/after-epoch-3
2018-07-30 16:57:56,588:INFO: Epoch 4/10
2018-07-30 16:58:33,741:INFO: - Train metrics: accuracy: 0.747 ; loss: 0.660
2018-07-30 16:58:34,864:INFO: - Eval metrics: accuracy: 0.456 ; loss: 1.683
2018-07-30 16:58:34,865:INFO: Epoch 5/10
2018-07-30 16:59:11,617:INFO: - Train metrics: accuracy: 0.781 ; loss: 0.602
2018-07-30 16:59:12,779:INFO: - Eval metrics: accuracy: 0.506 ; loss: 1.365
2018-07-30 16:59:12,779:INFO: Epoch 6/10
2018-07-30 16:59:49,324:INFO: - Train metrics: accuracy: 0.858 ; loss: 0.424
2018-07-30 16:59:50,499:INFO: - Eval metrics: accuracy: 0.560 ; loss: 1.577
2018-07-30 16:59:50,636:INFO: - Found new best accuracy, saving in experiments/regularization/L2/more_features/best_weights/after-epoch-6
2018-07-30 16:59:50,641:INFO: Epoch 7/10
2018-07-30 17:00:27,145:INFO: - Train metrics: accuracy: 0.877 ; loss: 0.353
2018-07-30 17:00:28,347:INFO: - Eval metrics: accuracy: 0.714 ; loss: 0.821
2018-07-30 17:00:28,475:INFO: - Found new best accuracy, saving in experiments/regularization/L2/more_features/best_weights/after-epoch-7
2018-07-30 17:00:28,479:INFO: Epoch 8/10
2018-07-30 17:01:05,178:INFO: - Train metrics: accuracy: 0.900 ; loss: 0.291
2018-07-30 17:01:06,352:INFO: - Eval metrics: accuracy: 0.705 ; loss: 0.915
2018-07-30 17:01:06,353:INFO: Epoch 9/10
2018-07-30 17:01:42,980:INFO: - Train metrics: accuracy: 0.934 ; loss: 0.210
2018-07-30 17:01:44,113:INFO: - Eval metrics: accuracy: 0.793 ; loss: 0.614
2018-07-30 17:01:44,235:INFO: - Found new best accuracy, saving in experiments/regularization/L2/more_features/best_weights/after-epoch-9
2018-07-30 17:01:44,239:INFO: Epoch 10/10
2018-07-30 17:02:21,078:INFO: - Train metrics: accuracy: 0.948 ; loss: 0.172
2018-07-30 17:02:22,224:INFO: - Eval metrics: accuracy: 0.788 ; loss: 0.583
